生成启动时间为 2018/11/26 20:17:09。
     1>项目“D:\vs2013作业\zyj_1126(1)\zyj_1126(1)\zyj_1126(1).vcxproj”在节点 2 上(Build 个目标)。
     1>ClCompile:
         D:\Users\vs\VC\bin\CL.exe /c /ZI /nologo /W3 /WX- /sdl /Od /Oy- /D _MBCS /Gm /EHsc /RTC1 /MDd /GS /fp:precise /Zc:wchar_t /Zc:forScope /Fo"Debug\\" /Fd"Debug\vc120.pdb" /Gd /TC /analyze- /errorReport:prompt text02_1.c
         text02_1.c
       Link:
         D:\Users\vs\VC\bin\link.exe /ERRORREPORT:PROMPT /OUT:"D:\vs2013作业\zyj_1126(1)\Debug\zyj_1126(1).exe" /INCREMENTAL /NOLOGO kernel32.lib user32.lib gdi32.lib winspool.lib comdlg32.lib advapi32.lib shell32.lib ole32.lib oleaut32.lib uuid.lib odbc32.lib odbccp32.lib /MANIFEST /MANIFESTUAC:"level='asInvoker' uiAccess='false'" /manifest:embed /DEBUG /PDB:"D:\vs2013作业\zyj_1126(1)\Debug\zyj_1126(1).pdb" /TLBID:1 /DYNAMICBASE /NXCOMPAT /IMPLIB:"D:\vs2013作业\zyj_1126(1)\Debug\zyj_1126(1).lib" /MACHINE:X86 Debug\text02.obj
         Debug\text02_1.obj
     1>text02_1.obj : error LNK2005: _main 已经在 text02.obj 中定义
     1>D:\vs2013作业\zyj_1126(1)\Debug\zyj_1126(1).exe : fatal error LNK1169: 找到一个或多个多重定义的符号
     1>已完成生成项目“D:\vs2013作业\zyj_1126(1)\zyj_1126(1)\zyj_1126(1).vcxproj”(Build 个目标)的操作 - 失败。

生成失败。

已用时间 00:00:01.19
